<?xml version="1.0" encoding="UTF-8"?>
<testsuite xmlns:xsi="http://www.w3.org/2001/XMLSchema-instance" xsi:noNamespaceSchemaLocation="https://maven.apache.org/surefire/maven-surefire-plugin/xsd/surefire-test-report.xsd" name="com.mykyta.restapi.service.FileServiceTest" time="0.008" tests="5" errors="0" skipped="0" failures="0">
  <properties>
[...]
</properties>
  <testcase name="testGetAllFiles" classname="com.mykyta.restapi.service.FileServiceTest" time="0.002"/>
  <testcase name="testUpdateFile" classname="com.mykyta.restapi.service.FileServiceTest" time="0.002"/>
  <testcase name="testDeleteFileById" classname="com.mykyta.restapi.service.FileServiceTest" time="0"/>
  <testcase name="testCreateFile" classname="com.mykyta.restapi.service.FileServiceTest" time="0"/>
  <testcase name="testGetFileById" classname="com.mykyta.restapi.service.FileServiceTest" time="0"/>
</testsuite>